[2025-04-07 17:09:23] ------STARTING SESSION LOG------
[2025-04-07 17:09:23] Array
(
    [Id] => 760A6306-71F1-42CF-AA66-69A15332BA9C
    [nombre] => evento de prueba
    [descripcion] => invita a tus amigos a este evento de prueba para futuros veterinarios
    [descripcion2] => 
    [foto_evento] => /VetCapAdmins/uploads/67d4a070ba6f8_vetcap_tour_template.png
    [foto_titulo] => /VetCapAdmins/uploads/67d4a070bab1d_noctua_group_white_logo.png
    [precio_inscripcion] => 4500.00
    [fecha_apertura_inscripcion] => 2025-03-20 17:32:00
    [fecha_cierre_inscripcion] => 2025-03-18 17:32:00
    [fecha_evento] => 2025-03-22 17:32:00
    [Fecha_creacion] => 2025-03-14 17:32:32
    [activo] => 1
    [Fecha_modificacion] => 2025-03-14 17:32:32
)

[2025-04-07 17:09:23] User events pending for verification:Array
(
)

[2025-04-07 17:09:23] ------STARTING SESSION LOG------
[2025-04-07 17:09:23] User courses pending for verification:Array
(
)

[2025-04-07 17:09:23] Verifiying if user has events: 
[2025-04-07 17:09:23] Verifiying if user has events: 
[2025-04-07 17:09:23] Does user has events?: 1
[2025-04-07 17:09:23] telomando760A6306-71F1-42CF-AA66-69A15332BA9C
[2025-04-07 17:09:23] 760A6306-71F1-42CF-AA66-69A15332BA9C
[2025-04-07 17:09:23] peroviejo1
[2025-04-07 17:09:23] 
[2025-04-07 17:09:23] sissss
[2025-04-07 17:09:23] no e do
[2025-04-07 17:09:23] The user: 'nouni' can register to events
[2025-04-07 17:09:23] tarannnn
[2025-04-07 17:09:23] is user cedula validated?: 1
[2025-04-07 17:09:23] taran
[2025-04-07 17:09:23] Retrieved records: Array
(
    [0] => Array
        (
            [Id] => 7AD9E946-3E56-4B4D-9E75-2FD379F2A6EC
            [nombre] => otro eventico
            [descripcion] => este es otro evento de prueba
            [descripcion2] => 
            [foto_evento] => /VetCapAdmins/uploads/67d4a193accc8_vetcap_tour_template.png
            [foto_titulo] => /VetCapAdmins/uploads/67d4a193ad046_animal_food_line-white_logo.png
            [precio_inscripcion] => 9000.00
            [fecha_apertura_inscripcion] => 2025-03-21 17:37:00
            [fecha_cierre_inscripcion] => 2025-03-21 15:37:00
            [fecha_evento] => 2025-03-22 17:37:00
            [Fecha_creacion] => 2025-03-14 17:37:23
            [activo] => 1
            [Fecha_modificacion] => 2025-03-14 17:37:23
        )

)

[2025-04-07 17:09:23] Eventos list: Array
(
    [0] => Array
        (
            [0] => modalName
            [1] => 0
        )

    [1] => Array
        (
            [0] => 760A6306-71F1-42CF-AA66-69A15332BA9C
            [1] => 0
        )

    [2] => Array
        (
            [0] => 7AD9E946-3E56-4B4D-9E75-2FD379F2A6EC
            [1] => 0
        )

)

[2025-04-07 17:09:23] aaaaaaaaaaaaaaa
[2025-04-07 17:09:23] 7AD9E946-3E56-4B4D-9E75-2FD379F2A6EC
[2025-04-07 17:09:23] peroviejo1
[2025-04-07 17:09:23] 
[2025-04-07 17:09:23] sissss
[2025-04-07 17:09:23] no e do
[2025-04-07 17:09:23] The user: 'nouni' can register to events
[2025-04-07 17:09:23] tarannnn
[2025-04-07 17:09:23] aaaaaaaaaaaaaaa
[2025-04-07 17:09:23] 9919aaff
[2025-04-07 17:09:23] 9919aaff
[2025-04-07 17:09:23] aaaaaaaaaaaaaaa
[2025-04-07 17:09:23] 9919aaff
[2025-04-07 17:09:23] D88F5CCB-7ABF-4966-8AE4-8DECE0EE9889
[2025-04-07 17:09:23] aaaaaaaaaaaaaaa
[2025-04-07 17:09:23] 9919aaff
[2025-04-07 17:09:23] 9919bff5
[2025-04-07 17:09:23] aaaaaaaaaaaaaaa
[2025-04-07 17:09:23] 9919aaff
[2025-04-07 17:09:23] 9919c17a
[2025-04-07 17:09:23] aaaaaaaaaaaaaaa
[2025-04-07 17:09:23] 9919aaff
[2025-04-07 17:09:23] 9919c8f2
[2025-04-07 17:09:23] peroviejo1
[2025-04-07 17:09:23] 
[2025-04-07 17:09:23] sissss
[2025-04-07 17:09:23] no e do
[2025-04-07 17:09:23] The user: 'nouni' can register to events
[2025-04-07 17:09:23] tarannnn
[2025-04-07 17:09:23] peroviejo1
[2025-04-07 17:09:23] 
[2025-04-07 17:09:23] sissss
[2025-04-07 17:09:23] no e do
[2025-04-07 17:09:23] The user: 'nouni' can register to events
[2025-04-07 17:09:23] tarannnn
[2025-04-07 17:09:23] peroviejo1
[2025-04-07 17:09:23] 
[2025-04-07 17:09:23] sissss
[2025-04-07 17:09:23] no e do
[2025-04-07 17:09:23] The user: 'nouni' can register to events
[2025-04-07 17:09:23] tarannnn
[2025-04-07 17:09:23] peroviejo1
[2025-04-07 17:09:23] 
[2025-04-07 17:09:23] sissss
[2025-04-07 17:09:23] no e do
[2025-04-07 17:09:23] The user: 'nouni' can register to events
[2025-04-07 17:09:23] tarannnn
[2025-04-07 17:09:23] peroviejo1
[2025-04-07 17:09:23] 
[2025-04-07 17:09:23] sissss
[2025-04-07 17:09:23] no e do
[2025-04-07 17:09:23] The user: 'nouni' can register to events
[2025-04-07 17:09:23] tarannnn
[2025-04-07 17:10:38] -----Starting Register Transaction process-----
[2025-04-07 17:10:38] Fetching event info
[2025-04-07 17:10:38] 
[2025-04-07 17:10:38] Fetching course info
[2025-04-07 17:10:38] Array
(
    [Id] => D88F5CCB-7ABF-4966-8AE4-8DECE0EE9889
    [nombre] => taller de prueba
    [descripcion] => esto es para probar, no es que te vamos a enseñar pruebas
    [modalidad] => Virtual
    [foto_diplomado] => /VetCapAdmins/uploads/67d4faf7aae64_04.jpg
    [precio_inscripcion] => 680.00
    [fecha_inicio_diplomado] => 2025-03-28 23:58:00
    [fecha_fin_diplomado] => 2025-03-22 23:58:00
    [fecha_apertura_inscripcion] => 2025-03-16 23:58:00
    [fecha_cierre_inscripcion] => 2025-03-25 23:58:00
    [Fecha_creacion] => 2025-03-14 23:58:47
    [activo] => 1
    [Fecha_modificacion] => 2025-03-14 23:58:47
)

[2025-04-07 17:10:38] id parameter : 54G66447DG788031H
[2025-04-07 17:10:38] event id: D88F5CCB-7ABF-4966-8AE4-8DECE0EE9889
[2025-04-07 17:10:38] the user id: 0214794ae6c9068d
[2025-04-07 17:10:38] Transaction status: 54G66447DG788031H
[2025-04-07 17:10:38] Transaction Currency Code: USD
[2025-04-07 17:10:38] Trx amount arrived :11.61
[2025-04-07 17:10:38] Seller Protection Status: NOT_ELIGIBLE
[2025-04-07 17:10:38] Seller Protection Categories: No aplica
[2025-04-07 17:10:38] Expected amount: 11.61
[2025-04-07 17:10:38] printing trx values
[2025-04-07 17:10:38] trx Id: 54G66447DG788031H
[2025-04-07 17:10:38] trx status: 54G66447DG788031H
[2025-04-07 17:10:38] trx currency code: USD
[2025-04-07 17:10:38] trx amount: 11.61
[2025-04-07 17:10:38] trx seller protection status: NOT_ELIGIBLE
[2025-04-07 17:10:38] trx dispute categories: No aplica
[2025-04-07 17:10:38] trx created time: 2025-04-07 16:10:37
[2025-04-07 17:10:38] trx updated time: 2025-04-07 16:10:37
[2025-04-07 17:10:38] ok
[2025-04-07 17:10:38] {"success":true,"message":"The transaction was succesfully registered.","trxToken":"67f3f8fe39e38"}
[2025-04-07 17:16:41] ------STARTING SESSION LOG------
[2025-04-07 17:16:41] Array
(
    [Id] => 760A6306-71F1-42CF-AA66-69A15332BA9C
    [nombre] => evento de prueba
    [descripcion] => invita a tus amigos a este evento de prueba para futuros veterinarios
    [descripcion2] => 
    [foto_evento] => /VetCapAdmins/uploads/67d4a070ba6f8_vetcap_tour_template.png
    [foto_titulo] => /VetCapAdmins/uploads/67d4a070bab1d_noctua_group_white_logo.png
    [precio_inscripcion] => 4500.00
    [fecha_apertura_inscripcion] => 2025-03-20 17:32:00
    [fecha_cierre_inscripcion] => 2025-03-18 17:32:00
    [fecha_evento] => 2025-03-22 17:32:00
    [Fecha_creacion] => 2025-03-14 17:32:32
    [activo] => 1
    [Fecha_modificacion] => 2025-03-14 17:32:32
)

[2025-04-07 17:16:41] User events pending for verification:Array
(
)

[2025-04-07 17:16:41] ------STARTING SESSION LOG------
[2025-04-07 17:16:41] User courses pending for verification:Array
(
)

[2025-04-07 17:16:41] Verifiying if user has events: 
[2025-04-07 17:16:41] Verifiying if user has events: 
[2025-04-07 17:16:41] Does user has events?: 1
[2025-04-07 17:16:41] telomando760A6306-71F1-42CF-AA66-69A15332BA9C
[2025-04-07 17:16:41] 760A6306-71F1-42CF-AA66-69A15332BA9C
[2025-04-07 17:16:41] peroviejo1
[2025-04-07 17:16:41] 
[2025-04-07 17:16:41] sissss
[2025-04-07 17:16:41] no e do
[2025-04-07 17:16:41] The user: 'nouni' can register to events
[2025-04-07 17:16:41] tarannnn
[2025-04-07 17:16:41] is user cedula validated?: 1
[2025-04-07 17:16:41] taran
[2025-04-07 17:16:41] Retrieved records: Array
(
    [0] => Array
        (
            [Id] => 7AD9E946-3E56-4B4D-9E75-2FD379F2A6EC
            [nombre] => otro eventico
            [descripcion] => este es otro evento de prueba
            [descripcion2] => 
            [foto_evento] => /VetCapAdmins/uploads/67d4a193accc8_vetcap_tour_template.png
            [foto_titulo] => /VetCapAdmins/uploads/67d4a193ad046_animal_food_line-white_logo.png
            [precio_inscripcion] => 9000.00
            [fecha_apertura_inscripcion] => 2025-03-21 17:37:00
            [fecha_cierre_inscripcion] => 2025-03-21 15:37:00
            [fecha_evento] => 2025-03-22 17:37:00
            [Fecha_creacion] => 2025-03-14 17:37:23
            [activo] => 1
            [Fecha_modificacion] => 2025-03-14 17:37:23
        )

)

[2025-04-07 17:16:41] Eventos list: Array
(
    [0] => Array
        (
            [0] => modalName
            [1] => 0
        )

    [1] => Array
        (
            [0] => 760A6306-71F1-42CF-AA66-69A15332BA9C
            [1] => 0
        )

    [2] => Array
        (
            [0] => 7AD9E946-3E56-4B4D-9E75-2FD379F2A6EC
            [1] => 0
        )

)

[2025-04-07 17:16:41] aaaaaaaaaaaaaaa
[2025-04-07 17:16:41] 7AD9E946-3E56-4B4D-9E75-2FD379F2A6EC
[2025-04-07 17:16:41] peroviejo1
[2025-04-07 17:16:41] 
[2025-04-07 17:16:41] sissss
[2025-04-07 17:16:41] no e do
[2025-04-07 17:16:41] The user: 'nouni' can register to events
[2025-04-07 17:16:41] tarannnn
[2025-04-07 17:16:41] aaaaaaaaaaaaaaa
[2025-04-07 17:16:41] 9919aaff
[2025-04-07 17:16:41] 9919aaff
[2025-04-07 17:16:41] aaaaaaaaaaaaaaa
[2025-04-07 17:16:41] 9919aaff
[2025-04-07 17:16:41] D88F5CCB-7ABF-4966-8AE4-8DECE0EE9889
[2025-04-07 17:16:41] aaaaaaaaaaaaaaa
[2025-04-07 17:16:41] 9919aaff
[2025-04-07 17:16:41] 9919bff5
[2025-04-07 17:16:41] aaaaaaaaaaaaaaa
[2025-04-07 17:16:41] 9919aaff
[2025-04-07 17:16:41] 9919c17a
[2025-04-07 17:16:41] aaaaaaaaaaaaaaa
[2025-04-07 17:16:41] 9919aaff
[2025-04-07 17:16:41] 9919c8f2
[2025-04-07 17:16:41] peroviejo1
[2025-04-07 17:16:41] 
[2025-04-07 17:16:41] sissss
[2025-04-07 17:16:41] no e do
[2025-04-07 17:16:41] The user: 'nouni' can register to events
[2025-04-07 17:16:41] tarannnn
[2025-04-07 17:16:41] peroviejo1
[2025-04-07 17:16:41] 
[2025-04-07 17:16:41] sissss
[2025-04-07 17:16:41] no e do
[2025-04-07 17:16:41] The user: 'nouni' can register to events
[2025-04-07 17:16:41] tarannnn
[2025-04-07 17:16:41] peroviejo1
[2025-04-07 17:16:41] 
[2025-04-07 17:16:41] sissss
[2025-04-07 17:16:41] no e do
[2025-04-07 17:16:41] The user: 'nouni' can register to events
[2025-04-07 17:16:41] tarannnn
[2025-04-07 17:16:41] peroviejo1
[2025-04-07 17:16:41] 
[2025-04-07 17:16:41] sissss
[2025-04-07 17:16:41] no e do
[2025-04-07 17:16:41] The user: 'nouni' can register to events
[2025-04-07 17:16:41] tarannnn
[2025-04-07 17:16:41] peroviejo1
[2025-04-07 17:16:41] 
[2025-04-07 17:16:41] sissss
[2025-04-07 17:16:41] no e do
[2025-04-07 17:16:41] The user: 'nouni' can register to events
[2025-04-07 17:16:41] tarannnn
[2025-04-07 17:18:00] -----Starting Register Transaction process-----
[2025-04-07 17:18:00] Fetching event info
[2025-04-07 17:18:00] 
[2025-04-07 17:18:00] Fetching course info
[2025-04-07 17:18:00] Array
(
    [Id] => D88F5CCB-7ABF-4966-8AE4-8DECE0EE9889
    [nombre] => taller de prueba
    [descripcion] => esto es para probar, no es que te vamos a enseñar pruebas
    [modalidad] => Virtual
    [foto_diplomado] => /VetCapAdmins/uploads/67d4faf7aae64_04.jpg
    [precio_inscripcion] => 680.00
    [fecha_inicio_diplomado] => 2025-03-28 23:58:00
    [fecha_fin_diplomado] => 2025-03-22 23:58:00
    [fecha_apertura_inscripcion] => 2025-03-16 23:58:00
    [fecha_cierre_inscripcion] => 2025-03-25 23:58:00
    [Fecha_creacion] => 2025-03-14 23:58:47
    [activo] => 1
    [Fecha_modificacion] => 2025-03-14 23:58:47
)

[2025-04-07 17:18:00] id parameter : 29775212TR955562D
[2025-04-07 17:18:00] event id: D88F5CCB-7ABF-4966-8AE4-8DECE0EE9889
[2025-04-07 17:18:00] the user id: 0214794ae6c9068d
[2025-04-07 17:18:00] Transaction status: 29775212TR955562D
[2025-04-07 17:18:00] Transaction Currency Code: USD
[2025-04-07 17:18:00] Trx amount arrived :11.61
[2025-04-07 17:18:00] Seller Protection Status: NOT_ELIGIBLE
[2025-04-07 17:18:00] Seller Protection Categories: No aplica
[2025-04-07 17:18:00] Expected amount: 11.61
[2025-04-07 17:18:00] printing trx values
[2025-04-07 17:18:00] trx Id: 29775212TR955562D
[2025-04-07 17:18:00] trx status: 29775212TR955562D
[2025-04-07 17:18:00] trx currency code: USD
[2025-04-07 17:18:00] trx amount: 11.61
[2025-04-07 17:18:00] trx seller protection status: NOT_ELIGIBLE
[2025-04-07 17:18:00] trx dispute categories: No aplica
[2025-04-07 17:18:00] trx created time: 2025-04-07 16:17:59
[2025-04-07 17:18:00] trx updated time: 2025-04-07 16:17:59
[2025-04-07 17:18:00] ok
[2025-04-07 17:18:00] {"success":true,"message":"The transaction was succesfully registered.","trxToken":"67f3fab8d773c"}
[2025-04-07 17:18:00] -----STARTING REGISTER USER-----
[2025-04-07 17:18:00] Collected data:
[2025-04-07 17:18:00] trx token: 67f3fab8d773c
[2025-04-07 17:18:00] Event Id: D88F5CCB-7ABF-4966-8AE4-8DECE0EE9889
[2025-04-07 17:18:00] User Id: 0214794ae6c9068d
[2025-04-07 17:18:00] The submitted event has been verified as a course
[2025-04-07 17:18:00] {"success":true,"message":"User successfully registered for the course."}
[2025-04-07 17:18:07] ------STARTING SESSION LOG------
[2025-04-07 17:18:07] Array
(
    [Id] => 760A6306-71F1-42CF-AA66-69A15332BA9C
    [nombre] => evento de prueba
    [descripcion] => invita a tus amigos a este evento de prueba para futuros veterinarios
    [descripcion2] => 
    [foto_evento] => /VetCapAdmins/uploads/67d4a070ba6f8_vetcap_tour_template.png
    [foto_titulo] => /VetCapAdmins/uploads/67d4a070bab1d_noctua_group_white_logo.png
    [precio_inscripcion] => 4500.00
    [fecha_apertura_inscripcion] => 2025-03-20 17:32:00
    [fecha_cierre_inscripcion] => 2025-03-18 17:32:00
    [fecha_evento] => 2025-03-22 17:32:00
    [Fecha_creacion] => 2025-03-14 17:32:32
    [activo] => 1
    [Fecha_modificacion] => 2025-03-14 17:32:32
)

[2025-04-07 17:18:07] User events pending for verification:Array
(
)

[2025-04-07 17:18:07] ------STARTING SESSION LOG------
[2025-04-07 17:18:07] User courses pending for verification:Array
(
)

[2025-04-07 17:18:07] Verifiying if user has events: 
[2025-04-07 17:18:07] Verifiying if user has events: 
[2025-04-07 17:18:07] Does user has events?: 1
[2025-04-07 17:18:07] Does user has events?: 1
[2025-04-07 17:18:07] telomando760A6306-71F1-42CF-AA66-69A15332BA9C
[2025-04-07 17:18:07] 760A6306-71F1-42CF-AA66-69A15332BA9C
[2025-04-07 17:18:07] peroviejo1
[2025-04-07 17:18:07] 
[2025-04-07 17:18:07] sissss
[2025-04-07 17:18:07] no e do
[2025-04-07 17:18:07] The user: 'nouni' can register to events
[2025-04-07 17:18:07] tarannnn
[2025-04-07 17:18:07] is user cedula validated?: 1
[2025-04-07 17:18:07] taran
[2025-04-07 17:18:07] Retrieved records: Array
(
    [0] => Array
        (
            [Id] => 7AD9E946-3E56-4B4D-9E75-2FD379F2A6EC
            [nombre] => otro eventico
            [descripcion] => este es otro evento de prueba
            [descripcion2] => 
            [foto_evento] => /VetCapAdmins/uploads/67d4a193accc8_vetcap_tour_template.png
            [foto_titulo] => /VetCapAdmins/uploads/67d4a193ad046_animal_food_line-white_logo.png
            [precio_inscripcion] => 9000.00
            [fecha_apertura_inscripcion] => 2025-03-21 17:37:00
            [fecha_cierre_inscripcion] => 2025-03-21 15:37:00
            [fecha_evento] => 2025-03-22 17:37:00
            [Fecha_creacion] => 2025-03-14 17:37:23
            [activo] => 1
            [Fecha_modificacion] => 2025-03-14 17:37:23
        )

)

[2025-04-07 17:18:07] Eventos list: Array
(
    [0] => Array
        (
            [0] => modalName
            [1] => 0
        )

    [1] => Array
        (
            [0] => 760A6306-71F1-42CF-AA66-69A15332BA9C
            [1] => 0
        )

    [2] => Array
        (
            [0] => 7AD9E946-3E56-4B4D-9E75-2FD379F2A6EC
            [1] => 0
        )

)

[2025-04-07 17:18:07] aaaaaaaaaaaaaaa
[2025-04-07 17:18:07] 7AD9E946-3E56-4B4D-9E75-2FD379F2A6EC
[2025-04-07 17:18:07] peroviejo1
[2025-04-07 17:18:07] 
[2025-04-07 17:18:07] sissss
[2025-04-07 17:18:07] no e do
[2025-04-07 17:18:07] The user: 'nouni' can register to events
[2025-04-07 17:18:07] tarannnn
[2025-04-07 17:18:07] aaaaaaaaaaaaaaa
[2025-04-07 17:18:07] 9919aaff
[2025-04-07 17:18:07] 9919aaff
[2025-04-07 17:18:07] D88F5CCB-7ABF-4966-8AE4-8DECE0EE9889
[2025-04-07 17:18:07] 9919aaff
[2025-04-07 17:18:07] aaaaaaaaaaaaaaa
[2025-04-07 17:18:07] 9919aaff
[2025-04-07 17:18:07] D88F5CCB-7ABF-4966-8AE4-8DECE0EE9889
[2025-04-07 17:18:07] D88F5CCB-7ABF-4966-8AE4-8DECE0EE9889
[2025-04-07 17:18:07] D88F5CCB-7ABF-4966-8AE4-8DECE0EE9889
[2025-04-07 17:18:07] aaaaaaaaaaaaaaa
[2025-04-07 17:18:07] 9919aaff
[2025-04-07 17:18:07] 9919bff5
[2025-04-07 17:18:07] D88F5CCB-7ABF-4966-8AE4-8DECE0EE9889
[2025-04-07 17:18:07] 9919bff5
[2025-04-07 17:18:07] aaaaaaaaaaaaaaa
[2025-04-07 17:18:07] 9919aaff
[2025-04-07 17:18:07] 9919c17a
[2025-04-07 17:18:07] D88F5CCB-7ABF-4966-8AE4-8DECE0EE9889
[2025-04-07 17:18:07] 9919c17a
[2025-04-07 17:18:07] aaaaaaaaaaaaaaa
[2025-04-07 17:18:07] 9919aaff
[2025-04-07 17:18:07] 9919c8f2
[2025-04-07 17:18:07] D88F5CCB-7ABF-4966-8AE4-8DECE0EE9889
[2025-04-07 17:18:07] 9919c8f2
[2025-04-07 17:18:07] peroviejo1
[2025-04-07 17:18:07] 
[2025-04-07 17:18:07] sissss
[2025-04-07 17:18:07] no e do
[2025-04-07 17:18:07] The user: 'nouni' can register to events
[2025-04-07 17:18:07] tarannnn
[2025-04-07 17:18:07] peroviejo1
[2025-04-07 17:18:07] 
[2025-04-07 17:18:07] sissss
[2025-04-07 17:18:07] no e do
[2025-04-07 17:18:07] The user: 'nouni' can register to events
[2025-04-07 17:18:07] tarannnn
[2025-04-07 17:18:07] peroviejo1
[2025-04-07 17:18:07] 
[2025-04-07 17:18:07] sissss
[2025-04-07 17:18:07] no e do
[2025-04-07 17:18:07] The user: 'nouni' can register to events
[2025-04-07 17:18:07] tarannnn
[2025-04-07 17:18:07] peroviejo1
[2025-04-07 17:18:07] 
[2025-04-07 17:18:07] sissss
[2025-04-07 17:18:07] no e do
[2025-04-07 17:18:07] The user: 'nouni' can register to events
[2025-04-07 17:18:07] tarannnn
[2025-04-07 17:18:07] peroviejo1
[2025-04-07 17:18:07] 
[2025-04-07 17:18:07] sissss
[2025-04-07 17:18:07] no e do
[2025-04-07 17:18:07] The user: 'nouni' can register to events
[2025-04-07 17:18:07] tarannnn
[2025-04-07 17:24:18] ------STARTING SESSION LOG------
[2025-04-07 17:24:18] Array
(
    [Id] => 760A6306-71F1-42CF-AA66-69A15332BA9C
    [nombre] => evento de prueba
    [descripcion] => invita a tus amigos a este evento de prueba para futuros veterinarios
    [descripcion2] => 
    [foto_evento] => /VetCapAdmins/uploads/67d4a070ba6f8_vetcap_tour_template.png
    [foto_titulo] => /VetCapAdmins/uploads/67d4a070bab1d_noctua_group_white_logo.png
    [precio_inscripcion] => 4500.00
    [fecha_apertura_inscripcion] => 2025-03-20 17:32:00
    [fecha_cierre_inscripcion] => 2025-03-18 17:32:00
    [fecha_evento] => 2025-03-22 17:32:00
    [Fecha_creacion] => 2025-03-14 17:32:32
    [activo] => 1
    [Fecha_modificacion] => 2025-03-14 17:32:32
)

[2025-04-07 17:24:18] User events pending for verification:Array
(
)

[2025-04-07 17:24:18] ------STARTING SESSION LOG------
[2025-04-07 17:24:18] User courses pending for verification:Array
(
)

[2025-04-07 17:24:18] Verifiying if user has events: 
[2025-04-07 17:24:18] Verifiying if user has events: 
[2025-04-07 17:24:18] telomando760A6306-71F1-42CF-AA66-69A15332BA9C
[2025-04-07 17:24:18] 760A6306-71F1-42CF-AA66-69A15332BA9C
[2025-04-07 17:24:18] peroviejo1
[2025-04-07 17:24:18] 
[2025-04-07 17:24:18] sissss
[2025-04-07 17:24:18] no e do
[2025-04-07 17:24:18] The user: 'nouni' can register to events
[2025-04-07 17:24:18] tarannnn
[2025-04-07 17:24:18] is user cedula validated?: 1
[2025-04-07 17:24:18] taran
[2025-04-07 17:24:18] Retrieved records: Array
(
    [0] => Array
        (
            [Id] => 7AD9E946-3E56-4B4D-9E75-2FD379F2A6EC
            [nombre] => otro eventico
            [descripcion] => este es otro evento de prueba
            [descripcion2] => 
            [foto_evento] => /VetCapAdmins/uploads/67d4a193accc8_vetcap_tour_template.png
            [foto_titulo] => /VetCapAdmins/uploads/67d4a193ad046_animal_food_line-white_logo.png
            [precio_inscripcion] => 9000.00
            [fecha_apertura_inscripcion] => 2025-03-21 17:37:00
            [fecha_cierre_inscripcion] => 2025-03-21 15:37:00
            [fecha_evento] => 2025-03-22 17:37:00
            [Fecha_creacion] => 2025-03-14 17:37:23
            [activo] => 1
            [Fecha_modificacion] => 2025-03-14 17:37:23
        )

)

[2025-04-07 17:24:18] Eventos list: Array
(
    [0] => Array
        (
            [0] => modalName
            [1] => 0
        )

    [1] => Array
        (
            [0] => 760A6306-71F1-42CF-AA66-69A15332BA9C
            [1] => 0
        )

    [2] => Array
        (
            [0] => 7AD9E946-3E56-4B4D-9E75-2FD379F2A6EC
            [1] => 0
        )

)

[2025-04-07 17:24:18] aaaaaaaaaaaaaaa
[2025-04-07 17:24:18] 7AD9E946-3E56-4B4D-9E75-2FD379F2A6EC
[2025-04-07 17:24:18] peroviejo1
[2025-04-07 17:24:18] 
[2025-04-07 17:24:18] sissss
[2025-04-07 17:24:18] no e do
[2025-04-07 17:24:18] The user: 'nouni' can register to events
[2025-04-07 17:24:18] tarannnn
[2025-04-07 17:24:18] aaaaaaaaaaaaaaa
[2025-04-07 17:24:18] aaaaaaaaaaaaaaa
[2025-04-07 17:24:18] aaaaaaaaaaaaaaa
[2025-04-07 17:24:18] aaaaaaaaaaaaaaa
[2025-04-07 17:24:18] aaaaaaaaaaaaaaa
[2025-04-07 17:24:18] peroviejo1
[2025-04-07 17:24:18] 
[2025-04-07 17:24:18] sissss
[2025-04-07 17:24:18] no e do
[2025-04-07 17:24:18] The user: 'nouni' can register to events
[2025-04-07 17:24:18] tarannnn
[2025-04-07 17:24:18] peroviejo1
[2025-04-07 17:24:18] 
[2025-04-07 17:24:18] sissss
[2025-04-07 17:24:18] no e do
[2025-04-07 17:24:18] The user: 'nouni' can register to events
[2025-04-07 17:24:18] tarannnn
[2025-04-07 17:24:18] peroviejo1
[2025-04-07 17:24:18] 
[2025-04-07 17:24:18] sissss
[2025-04-07 17:24:18] no e do
[2025-04-07 17:24:18] The user: 'nouni' can register to events
[2025-04-07 17:24:18] tarannnn
[2025-04-07 17:24:18] peroviejo1
[2025-04-07 17:24:18] 
[2025-04-07 17:24:18] sissss
[2025-04-07 17:24:18] no e do
[2025-04-07 17:24:18] The user: 'nouni' can register to events
[2025-04-07 17:24:18] tarannnn
[2025-04-07 17:24:18] peroviejo1
[2025-04-07 17:24:18] 
[2025-04-07 17:24:18] sissss
[2025-04-07 17:24:18] no e do
[2025-04-07 17:24:18] The user: 'nouni' can register to events
[2025-04-07 17:24:18] tarannnn
[2025-04-07 17:24:42] ------STARTING SESSION LOG------
[2025-04-07 17:24:42] Array
(
    [Id] => 760A6306-71F1-42CF-AA66-69A15332BA9C
    [nombre] => evento de prueba
    [descripcion] => invita a tus amigos a este evento de prueba para futuros veterinarios
    [descripcion2] => 
    [foto_evento] => /VetCapAdmins/uploads/67d4a070ba6f8_vetcap_tour_template.png
    [foto_titulo] => /VetCapAdmins/uploads/67d4a070bab1d_noctua_group_white_logo.png
    [precio_inscripcion] => 4500.00
    [fecha_apertura_inscripcion] => 2025-03-20 17:32:00
    [fecha_cierre_inscripcion] => 2025-03-18 17:32:00
    [fecha_evento] => 2025-03-22 17:32:00
    [Fecha_creacion] => 2025-03-14 17:32:32
    [activo] => 1
    [Fecha_modificacion] => 2025-03-14 17:32:32
)

[2025-04-07 17:24:42] User events pending for verification:Array
(
)

[2025-04-07 17:24:42] ------STARTING SESSION LOG------
[2025-04-07 17:24:42] User courses pending for verification:Array
(
)

[2025-04-07 17:24:42] Verifiying if user has events: 
[2025-04-07 17:24:42] Verifiying if user has events: 
[2025-04-07 17:24:42] telomando760A6306-71F1-42CF-AA66-69A15332BA9C
[2025-04-07 17:24:42] 760A6306-71F1-42CF-AA66-69A15332BA9C
[2025-04-07 17:24:42] peroviejo1
[2025-04-07 17:24:42] 
[2025-04-07 17:24:42] sissss
[2025-04-07 17:24:42] no e do
[2025-04-07 17:24:42] The user: 'nouni' can register to events
[2025-04-07 17:24:42] tarannnn
[2025-04-07 17:24:42] is user cedula validated?: 1
[2025-04-07 17:24:42] taran
[2025-04-07 17:24:42] Retrieved records: Array
(
    [0] => Array
        (
            [Id] => 7AD9E946-3E56-4B4D-9E75-2FD379F2A6EC
            [nombre] => otro eventico
            [descripcion] => este es otro evento de prueba
            [descripcion2] => 
            [foto_evento] => /VetCapAdmins/uploads/67d4a193accc8_vetcap_tour_template.png
            [foto_titulo] => /VetCapAdmins/uploads/67d4a193ad046_animal_food_line-white_logo.png
            [precio_inscripcion] => 9000.00
            [fecha_apertura_inscripcion] => 2025-03-21 17:37:00
            [fecha_cierre_inscripcion] => 2025-03-21 15:37:00
            [fecha_evento] => 2025-03-22 17:37:00
            [Fecha_creacion] => 2025-03-14 17:37:23
            [activo] => 1
            [Fecha_modificacion] => 2025-03-14 17:37:23
        )

)

[2025-04-07 17:24:42] Eventos list: Array
(
    [0] => Array
        (
            [0] => modalName
            [1] => 0
        )

    [1] => Array
        (
            [0] => 760A6306-71F1-42CF-AA66-69A15332BA9C
            [1] => 0
        )

    [2] => Array
        (
            [0] => 7AD9E946-3E56-4B4D-9E75-2FD379F2A6EC
            [1] => 0
        )

)

[2025-04-07 17:24:42] aaaaaaaaaaaaaaa
[2025-04-07 17:24:42] 7AD9E946-3E56-4B4D-9E75-2FD379F2A6EC
[2025-04-07 17:24:42] peroviejo1
[2025-04-07 17:24:42] 
[2025-04-07 17:24:42] sissss
[2025-04-07 17:24:42] no e do
[2025-04-07 17:24:42] The user: 'nouni' can register to events
[2025-04-07 17:24:42] tarannnn
[2025-04-07 17:24:42] aaaaaaaaaaaaaaa
[2025-04-07 17:24:42] aaaaaaaaaaaaaaa
[2025-04-07 17:24:42] aaaaaaaaaaaaaaa
[2025-04-07 17:24:42] aaaaaaaaaaaaaaa
[2025-04-07 17:24:42] aaaaaaaaaaaaaaa
[2025-04-07 17:24:42] peroviejo1
[2025-04-07 17:24:42] 
[2025-04-07 17:24:42] sissss
[2025-04-07 17:24:42] no e do
[2025-04-07 17:24:42] The user: 'nouni' can register to events
[2025-04-07 17:24:42] tarannnn
[2025-04-07 17:24:42] peroviejo1
[2025-04-07 17:24:42] 
[2025-04-07 17:24:42] sissss
[2025-04-07 17:24:42] no e do
[2025-04-07 17:24:42] The user: 'nouni' can register to events
[2025-04-07 17:24:42] tarannnn
[2025-04-07 17:24:42] peroviejo1
[2025-04-07 17:24:42] 
[2025-04-07 17:24:42] sissss
[2025-04-07 17:24:42] no e do
[2025-04-07 17:24:42] The user: 'nouni' can register to events
[2025-04-07 17:24:42] tarannnn
[2025-04-07 17:24:42] peroviejo1
[2025-04-07 17:24:42] 
[2025-04-07 17:24:42] sissss
[2025-04-07 17:24:42] no e do
[2025-04-07 17:24:42] The user: 'nouni' can register to events
[2025-04-07 17:24:42] tarannnn
[2025-04-07 17:24:42] peroviejo1
[2025-04-07 17:24:42] 
[2025-04-07 17:24:42] sissss
[2025-04-07 17:24:42] no e do
[2025-04-07 17:24:42] The user: 'nouni' can register to events
[2025-04-07 17:24:42] tarannnn
[2025-04-07 17:27:02] ------STARTING SESSION LOG------
[2025-04-07 17:27:02] Array
(
    [Id] => 760A6306-71F1-42CF-AA66-69A15332BA9C
    [nombre] => evento de prueba
    [descripcion] => invita a tus amigos a este evento de prueba para futuros veterinarios
    [descripcion2] => 
    [foto_evento] => /VetCapAdmins/uploads/67d4a070ba6f8_vetcap_tour_template.png
    [foto_titulo] => /VetCapAdmins/uploads/67d4a070bab1d_noctua_group_white_logo.png
    [precio_inscripcion] => 4500.00
    [fecha_apertura_inscripcion] => 2025-03-20 17:32:00
    [fecha_cierre_inscripcion] => 2025-03-18 17:32:00
    [fecha_evento] => 2025-03-22 17:32:00
    [Fecha_creacion] => 2025-03-14 17:32:32
    [activo] => 1
    [Fecha_modificacion] => 2025-03-14 17:32:32
)

[2025-04-07 17:27:02] User events pending for verification:Array
(
)

[2025-04-07 17:27:02] ------STARTING SESSION LOG------
[2025-04-07 17:27:02] User courses pending for verification:Array
(
)

[2025-04-07 17:27:02] Verifiying if user has events: 
[2025-04-07 17:27:02] Verifiying if user has events: 
[2025-04-07 17:27:02] telomando760A6306-71F1-42CF-AA66-69A15332BA9C
[2025-04-07 17:27:02] 760A6306-71F1-42CF-AA66-69A15332BA9C
[2025-04-07 17:27:02] peroviejo1
[2025-04-07 17:27:02] 
[2025-04-07 17:27:02] sissss
[2025-04-07 17:27:02] no e do
[2025-04-07 17:27:02] The user: 'nouni' can register to events
[2025-04-07 17:27:02] tarannnn
[2025-04-07 17:27:02] is user cedula validated?: 1
[2025-04-07 17:27:02] taran
[2025-04-07 17:27:02] Retrieved records: Array
(
    [0] => Array
        (
            [Id] => 7AD9E946-3E56-4B4D-9E75-2FD379F2A6EC
            [nombre] => otro eventico
            [descripcion] => este es otro evento de prueba
            [descripcion2] => 
            [foto_evento] => /VetCapAdmins/uploads/67d4a193accc8_vetcap_tour_template.png
            [foto_titulo] => /VetCapAdmins/uploads/67d4a193ad046_animal_food_line-white_logo.png
            [precio_inscripcion] => 9000.00
            [fecha_apertura_inscripcion] => 2025-03-21 17:37:00
            [fecha_cierre_inscripcion] => 2025-03-21 15:37:00
            [fecha_evento] => 2025-03-22 17:37:00
            [Fecha_creacion] => 2025-03-14 17:37:23
            [activo] => 1
            [Fecha_modificacion] => 2025-03-14 17:37:23
        )

)

[2025-04-07 17:27:02] Eventos list: Array
(
    [0] => Array
        (
            [0] => modalName
            [1] => 0
        )

    [1] => Array
        (
            [0] => 760A6306-71F1-42CF-AA66-69A15332BA9C
            [1] => 0
        )

    [2] => Array
        (
            [0] => 7AD9E946-3E56-4B4D-9E75-2FD379F2A6EC
            [1] => 0
        )

)

[2025-04-07 17:27:02] aaaaaaaaaaaaaaa
[2025-04-07 17:27:02] 7AD9E946-3E56-4B4D-9E75-2FD379F2A6EC
[2025-04-07 17:27:02] peroviejo1
[2025-04-07 17:27:02] 
[2025-04-07 17:27:02] sissss
[2025-04-07 17:27:02] no e do
[2025-04-07 17:27:02] The user: 'nouni' can register to events
[2025-04-07 17:27:02] tarannnn
[2025-04-07 17:27:02] aaaaaaaaaaaaaaa
[2025-04-07 17:27:02] aaaaaaaaaaaaaaa
[2025-04-07 17:27:02] aaaaaaaaaaaaaaa
[2025-04-07 17:27:02] aaaaaaaaaaaaaaa
[2025-04-07 17:27:02] aaaaaaaaaaaaaaa
[2025-04-07 17:27:02] peroviejo1
[2025-04-07 17:27:02] 
[2025-04-07 17:27:02] sissss
[2025-04-07 17:27:02] no e do
[2025-04-07 17:27:02] The user: 'nouni' can register to events
[2025-04-07 17:27:02] tarannnn
[2025-04-07 17:27:02] peroviejo1
[2025-04-07 17:27:02] 
[2025-04-07 17:27:02] sissss
[2025-04-07 17:27:02] no e do
[2025-04-07 17:27:02] The user: 'nouni' can register to events
[2025-04-07 17:27:02] tarannnn
[2025-04-07 17:27:02] peroviejo1
[2025-04-07 17:27:02] 
[2025-04-07 17:27:02] sissss
[2025-04-07 17:27:02] no e do
[2025-04-07 17:27:02] The user: 'nouni' can register to events
[2025-04-07 17:27:02] tarannnn
[2025-04-07 17:27:02] peroviejo1
[2025-04-07 17:27:02] 
[2025-04-07 17:27:02] sissss
[2025-04-07 17:27:02] no e do
[2025-04-07 17:27:02] The user: 'nouni' can register to events
[2025-04-07 17:27:02] tarannnn
[2025-04-07 17:27:02] peroviejo1
[2025-04-07 17:27:02] 
[2025-04-07 17:27:02] sissss
[2025-04-07 17:27:02] no e do
[2025-04-07 17:27:02] The user: 'nouni' can register to events
[2025-04-07 17:27:02] tarannnn
[2025-04-07 17:29:36] ------STARTING SESSION LOG------
[2025-04-07 17:29:36] Array
(
    [Id] => 760A6306-71F1-42CF-AA66-69A15332BA9C
    [nombre] => evento de prueba
    [descripcion] => invita a tus amigos a este evento de prueba para futuros veterinarios
    [descripcion2] => 
    [foto_evento] => /VetCapAdmins/uploads/67d4a070ba6f8_vetcap_tour_template.png
    [foto_titulo] => /VetCapAdmins/uploads/67d4a070bab1d_noctua_group_white_logo.png
    [precio_inscripcion] => 4500.00
    [fecha_apertura_inscripcion] => 2025-03-20 17:32:00
    [fecha_cierre_inscripcion] => 2025-03-18 17:32:00
    [fecha_evento] => 2025-03-22 17:32:00
    [Fecha_creacion] => 2025-03-14 17:32:32
    [activo] => 1
    [Fecha_modificacion] => 2025-03-14 17:32:32
)

[2025-04-07 17:29:36] User events pending for verification:Array
(
)

[2025-04-07 17:29:36] ------STARTING SESSION LOG------
[2025-04-07 17:29:36] User courses pending for verification:Array
(
)

[2025-04-07 17:29:36] Verifiying if user has events: 
[2025-04-07 17:29:36] Verifiying if user has events: 
[2025-04-07 17:29:36] telomando760A6306-71F1-42CF-AA66-69A15332BA9C
[2025-04-07 17:29:36] 760A6306-71F1-42CF-AA66-69A15332BA9C
[2025-04-07 17:29:36] peroviejo1
[2025-04-07 17:29:36] 
[2025-04-07 17:29:36] sissss
[2025-04-07 17:29:36] no e do
[2025-04-07 17:29:36] The user: 'nouni' can register to events
[2025-04-07 17:29:36] tarannnn
[2025-04-07 17:29:36] is user cedula validated?: 1
[2025-04-07 17:29:36] taran
[2025-04-07 17:29:36] Retrieved records: Array
(
    [0] => Array
        (
            [Id] => 7AD9E946-3E56-4B4D-9E75-2FD379F2A6EC
            [nombre] => otro eventico
            [descripcion] => este es otro evento de prueba
            [descripcion2] => 
            [foto_evento] => /VetCapAdmins/uploads/67d4a193accc8_vetcap_tour_template.png
            [foto_titulo] => /VetCapAdmins/uploads/67d4a193ad046_animal_food_line-white_logo.png
            [precio_inscripcion] => 9000.00
            [fecha_apertura_inscripcion] => 2025-03-21 17:37:00
            [fecha_cierre_inscripcion] => 2025-03-21 15:37:00
            [fecha_evento] => 2025-03-22 17:37:00
            [Fecha_creacion] => 2025-03-14 17:37:23
            [activo] => 1
            [Fecha_modificacion] => 2025-03-14 17:37:23
        )

)

[2025-04-07 17:29:36] Eventos list: Array
(
    [0] => Array
        (
            [0] => modalName
            [1] => 0
        )

    [1] => Array
        (
            [0] => 760A6306-71F1-42CF-AA66-69A15332BA9C
            [1] => 0
        )

    [2] => Array
        (
            [0] => 7AD9E946-3E56-4B4D-9E75-2FD379F2A6EC
            [1] => 0
        )

)

[2025-04-07 17:29:36] aaaaaaaaaaaaaaa
[2025-04-07 17:29:36] 7AD9E946-3E56-4B4D-9E75-2FD379F2A6EC
[2025-04-07 17:29:36] peroviejo1
[2025-04-07 17:29:36] 
[2025-04-07 17:29:36] sissss
[2025-04-07 17:29:36] no e do
[2025-04-07 17:29:36] The user: 'nouni' can register to events
[2025-04-07 17:29:36] tarannnn
[2025-04-07 17:29:36] aaaaaaaaaaaaaaa
[2025-04-07 17:29:36] aaaaaaaaaaaaaaa
[2025-04-07 17:29:36] aaaaaaaaaaaaaaa
[2025-04-07 17:29:36] aaaaaaaaaaaaaaa
[2025-04-07 17:29:36] aaaaaaaaaaaaaaa
[2025-04-07 17:29:36] peroviejo1
[2025-04-07 17:29:36] 
[2025-04-07 17:29:36] sissss
[2025-04-07 17:29:36] no e do
[2025-04-07 17:29:36] The user: 'nouni' can register to events
[2025-04-07 17:29:36] tarannnn
[2025-04-07 17:29:36] peroviejo1
[2025-04-07 17:29:36] 
[2025-04-07 17:29:36] sissss
[2025-04-07 17:29:36] no e do
[2025-04-07 17:29:36] The user: 'nouni' can register to events
[2025-04-07 17:29:36] tarannnn
[2025-04-07 17:29:36] peroviejo1
[2025-04-07 17:29:36] 
[2025-04-07 17:29:36] sissss
[2025-04-07 17:29:36] no e do
[2025-04-07 17:29:36] The user: 'nouni' can register to events
[2025-04-07 17:29:36] tarannnn
[2025-04-07 17:29:36] peroviejo1
[2025-04-07 17:29:36] 
[2025-04-07 17:29:36] sissss
[2025-04-07 17:29:36] no e do
[2025-04-07 17:29:36] The user: 'nouni' can register to events
[2025-04-07 17:29:36] tarannnn
[2025-04-07 17:29:36] peroviejo1
[2025-04-07 17:29:36] 
[2025-04-07 17:29:36] sissss
[2025-04-07 17:29:36] no e do
[2025-04-07 17:29:36] The user: 'nouni' can register to events
[2025-04-07 17:29:36] tarannnn
[2025-04-07 17:31:01] -----Starting Register Transaction process-----
[2025-04-07 17:31:01] Fetching event info
[2025-04-07 17:31:01] 
[2025-04-07 17:31:01] Fetching course info
[2025-04-07 17:31:01] Array
(
    [Id] => 9919aaff
    [nombre] => Diplomado en Desarrollo Web Fullstacka
    [descripcion] => Un diplomado intensivo para aprender desarrollo web tanto frontend como backend, utilizando las tecnologías más modernas.
    [modalidad] => En línea
    [foto_diplomado] => ../uploads/67de483ca8e35_vetcap_tour_template.png
    [precio_inscripcion] => 15000.00
    [fecha_inicio_diplomado] => 2025-03-01 08:00:00
    [fecha_fin_diplomado] => 2025-06-30 17:00:00
    [fecha_apertura_inscripcion] => 2025-01-15 08:00:00
    [fecha_cierre_inscripcion] => 2025-02-28 23:59:00
    [Fecha_creacion] => 2025-02-16 13:51:06
    [activo] => 1
    [Fecha_modificacion] => 2025-03-22 01:18:55
)

[2025-04-07 17:31:01] id parameter : 7RW17894CV3074220
[2025-04-07 17:31:01] event id: 9919aaff
[2025-04-07 17:31:01] the user id: 0214794ae6c9068d
[2025-04-07 17:31:01] Transaction status: 7RW17894CV3074220
[2025-04-07 17:31:01] Transaction Currency Code: USD
[2025-04-07 17:31:01] Trx amount arrived :256.10
[2025-04-07 17:31:01] Seller Protection Status: NOT_ELIGIBLE
[2025-04-07 17:31:01] Seller Protection Categories: No aplica
[2025-04-07 17:31:01] Expected amount: 256.10
[2025-04-07 17:31:01] printing trx values
[2025-04-07 17:31:01] trx Id: 7RW17894CV3074220
[2025-04-07 17:31:01] trx status: 7RW17894CV3074220
[2025-04-07 17:31:01] trx currency code: USD
[2025-04-07 17:31:01] trx amount: 256.10
[2025-04-07 17:31:01] trx seller protection status: NOT_ELIGIBLE
[2025-04-07 17:31:01] trx dispute categories: No aplica
[2025-04-07 17:31:01] trx created time: 2025-04-07 16:31:00
[2025-04-07 17:31:01] trx updated time: 2025-04-07 16:31:00
[2025-04-07 17:31:01] ok
[2025-04-07 17:31:01] {"success":true,"message":"The transaction was succesfully registered.","trxToken":"67f3fdc5834ab"}
[2025-04-07 17:31:01] -----STARTING REGISTER USER-----
[2025-04-07 17:31:01] Collected data:
[2025-04-07 17:31:01] trx token: 67f3fdc5834ab
[2025-04-07 17:31:01] Event Id: 9919aaff
[2025-04-07 17:31:01] User Id: 0214794ae6c9068d
[2025-04-07 17:31:01] The submitted event has been verified as a course
[2025-04-07 17:31:01] {"success":true,"message":"User successfully registered for the course."}
[2025-04-07 17:31:08] ------STARTING SESSION LOG------
[2025-04-07 17:31:08] Array
(
    [Id] => 760A6306-71F1-42CF-AA66-69A15332BA9C
    [nombre] => evento de prueba
    [descripcion] => invita a tus amigos a este evento de prueba para futuros veterinarios
    [descripcion2] => 
    [foto_evento] => /VetCapAdmins/uploads/67d4a070ba6f8_vetcap_tour_template.png
    [foto_titulo] => /VetCapAdmins/uploads/67d4a070bab1d_noctua_group_white_logo.png
    [precio_inscripcion] => 4500.00
    [fecha_apertura_inscripcion] => 2025-03-20 17:32:00
    [fecha_cierre_inscripcion] => 2025-03-18 17:32:00
    [fecha_evento] => 2025-03-22 17:32:00
    [Fecha_creacion] => 2025-03-14 17:32:32
    [activo] => 1
    [Fecha_modificacion] => 2025-03-14 17:32:32
)

[2025-04-07 17:31:08] User events pending for verification:Array
(
)

[2025-04-07 17:31:08] ------STARTING SESSION LOG------
[2025-04-07 17:31:08] User courses pending for verification:Array
(
)

[2025-04-07 17:31:08] Verifiying if user has events: 
[2025-04-07 17:31:08] Verifiying if user has events: 
[2025-04-07 17:31:08] Does user has events?: 1
[2025-04-07 17:31:08] telomando760A6306-71F1-42CF-AA66-69A15332BA9C
[2025-04-07 17:31:08] 760A6306-71F1-42CF-AA66-69A15332BA9C
[2025-04-07 17:31:08] peroviejo1
[2025-04-07 17:31:08] 
[2025-04-07 17:31:08] sissss
[2025-04-07 17:31:08] no e do
[2025-04-07 17:31:08] The user: 'nouni' can register to events
[2025-04-07 17:31:08] tarannnn
[2025-04-07 17:31:08] is user cedula validated?: 1
[2025-04-07 17:31:08] taran
[2025-04-07 17:31:08] Retrieved records: Array
(
    [0] => Array
        (
            [Id] => 7AD9E946-3E56-4B4D-9E75-2FD379F2A6EC
            [nombre] => otro eventico
            [descripcion] => este es otro evento de prueba
            [descripcion2] => 
            [foto_evento] => /VetCapAdmins/uploads/67d4a193accc8_vetcap_tour_template.png
            [foto_titulo] => /VetCapAdmins/uploads/67d4a193ad046_animal_food_line-white_logo.png
            [precio_inscripcion] => 9000.00
            [fecha_apertura_inscripcion] => 2025-03-21 17:37:00
            [fecha_cierre_inscripcion] => 2025-03-21 15:37:00
            [fecha_evento] => 2025-03-22 17:37:00
            [Fecha_creacion] => 2025-03-14 17:37:23
            [activo] => 1
            [Fecha_modificacion] => 2025-03-14 17:37:23
        )

)

[2025-04-07 17:31:08] Eventos list: Array
(
    [0] => Array
        (
            [0] => modalName
            [1] => 0
        )

    [1] => Array
        (
            [0] => 760A6306-71F1-42CF-AA66-69A15332BA9C
            [1] => 0
        )

    [2] => Array
        (
            [0] => 7AD9E946-3E56-4B4D-9E75-2FD379F2A6EC
            [1] => 0
        )

)

[2025-04-07 17:31:08] aaaaaaaaaaaaaaa
[2025-04-07 17:31:08] 7AD9E946-3E56-4B4D-9E75-2FD379F2A6EC
[2025-04-07 17:31:08] peroviejo1
[2025-04-07 17:31:08] 
[2025-04-07 17:31:08] sissss
[2025-04-07 17:31:08] no e do
[2025-04-07 17:31:08] The user: 'nouni' can register to events
[2025-04-07 17:31:08] tarannnn
[2025-04-07 17:31:08] aaaaaaaaaaaaaaa
[2025-04-07 17:31:08] 9919aaff
[2025-04-07 17:31:08] 9919aaff
[2025-04-07 17:31:08] aaaaaaaaaaaaaaa
[2025-04-07 17:31:08] 9919aaff
[2025-04-07 17:31:08] D88F5CCB-7ABF-4966-8AE4-8DECE0EE9889
[2025-04-07 17:31:08] aaaaaaaaaaaaaaa
[2025-04-07 17:31:08] 9919aaff
[2025-04-07 17:31:08] 9919bff5
[2025-04-07 17:31:08] aaaaaaaaaaaaaaa
[2025-04-07 17:31:08] 9919aaff
[2025-04-07 17:31:08] 9919c17a
[2025-04-07 17:31:08] aaaaaaaaaaaaaaa
[2025-04-07 17:31:08] 9919aaff
[2025-04-07 17:31:08] 9919c8f2
[2025-04-07 17:31:08] peroviejo1
[2025-04-07 17:31:08] 
[2025-04-07 17:31:08] sissss
[2025-04-07 17:31:08] no e do
[2025-04-07 17:31:08] The user: 'nouni' can register to events
[2025-04-07 17:31:08] tarannnn
[2025-04-07 17:31:08] peroviejo1
[2025-04-07 17:31:08] 
[2025-04-07 17:31:08] sissss
[2025-04-07 17:31:08] no e do
[2025-04-07 17:31:08] The user: 'nouni' can register to events
[2025-04-07 17:31:08] tarannnn
[2025-04-07 17:31:08] peroviejo1
[2025-04-07 17:31:08] 
[2025-04-07 17:31:08] sissss
[2025-04-07 17:31:08] no e do
[2025-04-07 17:31:08] The user: 'nouni' can register to events
[2025-04-07 17:31:08] tarannnn
[2025-04-07 17:31:08] peroviejo1
[2025-04-07 17:31:08] 
[2025-04-07 17:31:08] sissss
[2025-04-07 17:31:08] no e do
[2025-04-07 17:31:08] The user: 'nouni' can register to events
[2025-04-07 17:31:08] tarannnn
[2025-04-07 17:31:08] peroviejo1
[2025-04-07 17:31:08] 
[2025-04-07 17:31:08] sissss
[2025-04-07 17:31:08] no e do
[2025-04-07 17:31:08] The user: 'nouni' can register to events
[2025-04-07 17:31:08] tarannnn
[2025-04-07 17:33:51] -----STARTING REGISTER USER-----
[2025-04-07 17:33:51] {"success":false,"message":"Invalid input. Event ID and User ID are required."}
